  正在验证源
  正在将源远程复制到“192.168.65.128”
  正在验证体系结构
  正在验证体系结构
  正在启动远程生成
  正在编译源:
  main.c
D:\CppProjects\SimpleHttp\SimpleHttp\main.c(16,27): warning : conversion from ‘int’ to ‘short unsigned int’ may change value [-Wconversion]
D:\CppProjects\SimpleHttp\SimpleHttp\main.c(16,27): warning :    16 |     unsigned short port = atoi(argv[1]);
D:\CppProjects\SimpleHttp\SimpleHttp\main.c(16,27): warning :       |                           ^~~~
D:\CppProjects\SimpleHttp\SimpleHttp\main.c(16,20): warning : unused variable ‘port’ [-Wunused-variable]
D:\CppProjects\SimpleHttp\SimpleHttp\main.c(16,20): warning :    16 |     unsigned short port = atoi(argv[1]);
D:\CppProjects\SimpleHttp\SimpleHttp\main.c(16,20): warning :       |                    ^~~~
  Server.c
D:\CppProjects\SimpleHttp\SimpleHttp\Server.c(140,16): warning : suggest parentheses around assignment used as truth value [-Wparentheses]
D:\CppProjects\SimpleHttp\SimpleHttp\Server.c(140,16): warning :   140 |         while (len = recv(cfd,tmp,sizeof tmp,0) > 0)
D:\CppProjects\SimpleHttp\SimpleHttp\Server.c(140,16): warning :       |                ^~~
D:\CppProjects\SimpleHttp\SimpleHttp\Server.c(144,50): warning : conversion to ‘size_t’ {aka ‘long unsigned int’} from ‘int’ may change the sign of the result [-Wsign-conversion]
D:\CppProjects\SimpleHttp\SimpleHttp\Server.c(144,50): warning :   144 |                         memcpy(buf + total, tmp, len);
D:\CppProjects\SimpleHttp\SimpleHttp\Server.c(144,50): warning :       |                                                  ^~~
D:\CppProjects\SimpleHttp\SimpleHttp\Server.c(153,30): warning : conversion from ‘long int’ to ‘int’ may change value [-Wconversion]
D:\CppProjects\SimpleHttp\SimpleHttp\Server.c(153,30): warning :   153 |                 int reqLen = pt - buf;
D:\CppProjects\SimpleHttp\SimpleHttp\Server.c(153,30): warning :       |                              ^~
D:\CppProjects\SimpleHttp\SimpleHttp\Server.c(154,29): warning : assignment to ‘char’ from ‘char *’ makes integer from pointer without a cast [-Wint-conversion]
D:\CppProjects\SimpleHttp\SimpleHttp\Server.c(154,29): warning :   154 |                 buf[reqLen] = "\0";
D:\CppProjects\SimpleHttp\SimpleHttp\Server.c(154,29): warning :       |                             ^
D:\CppProjects\SimpleHttp\SimpleHttp\Server.c(161,17): warning : implicit declaration of function ‘close’; did you mean ‘pclose’? [-Wimplicit-function-declaration]
D:\CppProjects\SimpleHttp\SimpleHttp\Server.c(161,17): warning :   161 |                 close(cfd);
D:\CppProjects\SimpleHttp\SimpleHttp\Server.c(161,17): warning :       |                 ^~~~~
D:\CppProjects\SimpleHttp\SimpleHttp\Server.c(161,17): warning :       |                 pclose
D:\CppProjects\SimpleHttp\SimpleHttp\Server.c(197,17): warning : implicit declaration of function ‘sendHeadMsg’; did you mean ‘sendMsg’? [-Wimplicit-function-declaration]
D:\CppProjects\SimpleHttp\SimpleHttp\Server.c(197,17): warning :   197 |                 sendHeadMsg(cfd, 404, "Not Found", getFileType(".html"), -1);
D:\CppProjects\SimpleHttp\SimpleHttp\Server.c(197,17): warning :       |                 ^~~~~~~~~~~
D:\CppProjects\SimpleHttp\SimpleHttp\Server.c(197,17): warning :       |                 sendMsg
D:\CppProjects\SimpleHttp\SimpleHttp\Server.c(322,20): warning : implicit declaration of function ‘lseek’; did you mean ‘fseek’? [-Wimplicit-function-declaration]
D:\CppProjects\SimpleHttp\SimpleHttp\Server.c(322,20): warning :   322 |         int size = lseek(fd, 0, SEEK_END);
D:\CppProjects\SimpleHttp\SimpleHttp\Server.c(322,20): warning :       |                    ^~~~~
D:\CppProjects\SimpleHttp\SimpleHttp\Server.c(322,20): warning :       |                    fseek
D:\CppProjects\SimpleHttp\SimpleHttp\Server.c(323,33): warning : conversion to ‘size_t’ {aka ‘long unsigned int’} from ‘int’ may change the sign of the result [-Wsign-conversion]
D:\CppProjects\SimpleHttp\SimpleHttp\Server.c(323,33): warning :   323 |         sendfile(cfd, fd, NULL, size);
D:\CppProjects\SimpleHttp\SimpleHttp\Server.c(323,33): warning :       |                                 ^~~~
  正在链接对象
/usr/bin/ld : error : /home/hf/projects/SimpleHttp/obj/x64/Debug/Server.o: in function `parseRequestLine':
D:\CppProjects\SimpleHttp\SimpleHttp\Server.c(197): error : undefined reference to `sendHeadMsg'
/usr/bin/ld : error : /home/hf/projects/SimpleHttp/Server.c:205: undefined reference to `sendHeadMsg'
/usr/bin/ld : error : /home/hf/projects/SimpleHttp/Server.c:211: undefined reference to `sendHeadMsg'
collect2 : error : ld returned 1 exit status
